
╔══════════════════════════════════════════╗
║  🏭 Lighthouse Bounty Orchestrator      ║
║  Wallet: 0xD796a580F33024C1A8... ║
║  Auto-scout · Auto-claim · Auto-build   ║
╚══════════════════════════════════════════╝

  Started: 2026-06-17T02:09:19.983775
  Lifetime earnings: $0
  Active bounties: 0

┌─ Cycle #1 — 02:10:37
🔍 Bounty Scout — 02:10:37
  📊 0 new | 5 total | 2 with payment
  💰 $1 — [OpenClaw] [ Docs ] Fix missing Step 4 in setup-guide.md
  💰 $1 — [OpenClaw] [ Docs ] Fix missing Step 4 in setup-guide.md
  📊 Discovered:5 Claimed:0 Submitted:0 Earned:$0
└─ Sleeping 900s...
┌─ Cycle #2 — 02:25:50
🔍 Bounty Scout — 02:25:50
  📊 0 new | 5 total | 2 with payment
  💰 $1 — [OpenClaw] [ Docs ] Fix missing Step 4 in setup-guide.md
  💰 $1 — [OpenClaw] [ Docs ] Fix missing Step 4 in setup-guide.md
  📊 Discovered:5 Claimed:0 Submitted:0 Earned:$0
└─ Sleeping 900s...

👋 Orchestrator shutting down...
